<?xml version="1.0" encoding="UTF-8"?><testsuite errors="1" failures="0" name="Make a purchase on the website" skipped="0" tests="1" time="21.95" timestamp="2022-09-19 04:58:47"><testcase name="Enter the correct credentials"><error message="No such field model.Person.tittle" type="cucumber.runtime.CucumberException">No such field model.Person.tittle</error><system-err>No such field model.Person.tittle&#13;
cucumber.runner.Runner.runPickle(Runner.java:80)&#13;
</system-err></testcase></testsuite>