<?xml version="1.0" encoding="UTF-8"?><testsuite errors="0" failures="1" name="verify the correct operation of the login" skipped="0" tests="1" time="14.63" timestamp="2022-09-19 02:37:17"><testcase name="Enter User locked"><failure message="Expected net.serenitybdd.screenplay.QuestionSubject@4ed4266b&#10;Expected: is &lt;true&gt;&#10;     but: was &lt;false&gt;" type="java.lang.AssertionError">Expected net.serenitybdd.screenplay.QuestionSubject@4ed4266b
Expected: is &lt;true&gt;
     but: was &lt;false&gt;</failure><system-err>Expected net.serenitybdd.screenplay.QuestionSubject@4ed4266b
Expected: is &lt;true&gt;
     but: was &lt;false&gt;&#13;
stepdefinitions.AutomationSwagLabsStepDefinitions.aErrorSignIsDisplayedIndicatingThatTheStatusUserIsLockedOut(AutomationSwagLabsStepDefinitions.java:47)&#13;
✽.a error sign is displayed indicating that the status user is locked out(src/test/resources/features/automationSwagLabsSite.feature:22)&#13;
</system-err></testcase></testsuite>