<?xml version="1.0" encoding="UTF-8"?><testsuite errors="1" failures="0" name="Make a purchase on the website" skipped="0" tests="1" time="16.34" timestamp="2022-09-19 04:45:22"><testcase name="Enter the correct credentiales"><error message="No such field model.Data.firstName" type="cucumber.runtime.CucumberException">No such field model.Data.firstName</error><system-err>No such field model.Data.firstName&#13;
cucumber.runner.Runner.runPickle(Runner.java:80)&#13;
</system-err></testcase></testsuite>